{"/Users/karadabhagyalakshmi/workspace/node/chat-app/src/app.module.ts": {"path":"/Users/karadabhagyalakshmi/workspace/node/chat-app/src/app.module.ts","statementMap":{"0":{"start":{"line":1,"column":0},"end":{"line":1,"column":null}},"1":{"start":{"line":7,"column":0},"end":{"line":7,"column":62}},"2":{"start":{"line":8,"column":0},"end":{"line":8,"column":50}},"3":{"start":{"line":9,"column":0},"end":{"line":9,"column":56}},"4":{"start":{"line":10,"column":0},"end":{"line":10,"column":null}},"5":{"start":{"line":22,"column":7},"end":{"line":28,"column":null}},"6":{"start":{"line":24,"column":4},"end":{"line":24,"column":52}},"7":{"start":{"line":25,"column":4},"end":{"line":25,"column":58}},"8":{"start":{"line":26,"column":4},"end":{"line":26,"column":58}},"9":{"start":{"line":22,"column":13},"end":{"line":22,"column":22}},"10":{"start":{"line":22,"column":13},"end":{"line":28,"column":null}}},"fnMap":{"0":{"name":"(anonymous_1)","decl":{"start":{"line":23,"column":2},"end":{"line":23,"column":11}},"loc":{"start":{"line":23,"column":40},"end":{"line":27,"column":3}}}},"branchMap":{},"s":{"0":0,"1":0,"2":0,"3":0,"4":0,"5":0,"6":0,"7":0,"8":0,"9":0,"10":0},"f":{"0":0},"b":{}}
,"/Users/karadabhagyalakshmi/workspace/node/chat-app/src/main.ts": {"path":"/Users/karadabhagyalakshmi/workspace/node/chat-app/src/main.ts","statementMap":{"0":{"start":{"line":1,"column":0},"end":{"line":1,"column":43}},"1":{"start":{"line":2,"column":0},"end":{"line":2,"column":41}},"2":{"start":{"line":4,"column":0},"end":{"line":4,"column":28}},"3":{"start":{"line":5,"column":0},"end":{"line":5,"column":46}},"4":{"start":{"line":9,"column":14},"end":{"line":9,"column":73}},"5":{"start":{"line":10,"column":2},"end":{"line":10,"column":26}},"6":{"start":{"line":11,"column":2},"end":{"line":19,"column":7}},"7":{"start":{"line":14,"column":24},"end":{"line":14,"column":48}},"8":{"start":{"line":15,"column":6},"end":{"line":17,"column":7}},"9":{"start":{"line":16,"column":8},"end":{"line":16,"column":45}},"10":{"start":{"line":18,"column":6},"end":{"line":18,"column":13}},"11":{"start":{"line":20,"column":2},"end":{"line":20,"column":61}},"12":{"start":{"line":21,"column":2},"end":{"line":21,"column":25}},"13":{"start":{"line":24,"column":0},"end":{"line":24,"column":12}}},"fnMap":{"0":{"name":"bootstrap","decl":{"start":{"line":8,"column":15},"end":{"line":8,"column":24}},"loc":{"start":{"line":8,"column":24},"end":{"line":22,"column":1}}},"1":{"name":"(anonymous_1)","decl":{"start":{"line":13,"column":14},"end":{"line":13,"column":15}},"loc":{"start":{"line":13,"column":66},"end":{"line":19,"column":5}}}},"branchMap":{"0":{"loc":{"start":{"line":15,"column":6},"end":{"line":17,"column":7}},"type":"if","locations":[{"start":{"line":15,"column":6},"end":{"line":17,"column":7}}]}},"s":{"0":0,"1":0,"2":0,"3":0,"4":0,"5":0,"6":0,"7":0,"8":0,"9":0,"10":0,"11":0,"12":0,"13":0},"f":{"0":0,"1":0},"b":{"0":[0]}}
,"/Users/karadabhagyalakshmi/workspace/node/chat-app/src/auth/auth.controller.ts": {"path":"/Users/karadabhagyalakshmi/workspace/node/chat-app/src/auth/auth.controller.ts","statementMap":{"0":{"start":{"line":1,"column":0},"end":{"line":1,"column":null}},"1":{"start":{"line":11,"column":0},"end":{"line":11,"column":45}},"2":{"start":{"line":15,"column":7},"end":{"line":85,"column":null}},"3":{"start":{"line":16,"column":31},"end":{"line":16,"column":44}},"4":{"start":{"line":20,"column":4},"end":{"line":20,"column":33}},"5":{"start":{"line":28,"column":4},"end":{"line":28,"column":74}},"6":{"start":{"line":36,"column":4},"end":{"line":36,"column":74}},"7":{"start":{"line":41,"column":22},"end":{"line":41,"column":43}},"8":{"start":{"line":42,"column":21},"end":{"line":42,"column":60}},"9":{"start":{"line":43,"column":18},"end":{"line":43,"column":59}},"10":{"start":{"line":45,"column":4},"end":{"line":45,"column":42}},"11":{"start":{"line":50,"column":4},"end":{"line":50,"column":42}},"12":{"start":{"line":52,"column":4},"end":{"line":52,"column":70}},"13":{"start":{"line":61,"column":22},"end":{"line":61,"column":43}},"14":{"start":{"line":62,"column":21},"end":{"line":62,"column":60}},"15":{"start":{"line":63,"column":20},"end":{"line":63,"column":32}},"16":{"start":{"line":65,"column":4},"end":{"line":65,"column":63}},"17":{"start":{"line":70,"column":22},"end":{"line":70,"column":43}},"18":{"start":{"line":71,"column":4},"end":{"line":71,"column":31}},"19":{"start":{"line":71,"column":21},"end":{"line":71,"column":31}},"20":{"start":{"line":73,"column":4},"end":{"line":76,"column":6}},"21":{"start":{"line":81,"column":21},"end":{"line":81,"column":72}},"22":{"start":{"line":83,"column":4},"end":{"line":83,"column":54}},"23":{"start":{"line":15,"column":13},"end":{"line":15,"column":27}},"24":{"start":{"line":19,"column":2},"end":{"line":21,"column":null}},"25":{"start":{"line":24,"column":2},"end":{"line":29,"column":null}},"26":{"start":{"line":32,"column":2},"end":{"line":37,"column":null}},"27":{"start":{"line":40,"column":8},"end":{"line":46,"column":null}},"28":{"start":{"line":49,"column":2},"end":{"line":53,"column":null}},"29":{"start":{"line":56,"column":2},"end":{"line":66,"column":null}},"30":{"start":{"line":69,"column":2},"end":{"line":77,"column":null}},"31":{"start":{"line":80,"column":2},"end":{"line":84,"column":null}},"32":{"start":{"line":15,"column":13},"end":{"line":85,"column":null}}},"fnMap":{"0":{"name":"(anonymous_4)","decl":{"start":{"line":16,"column":2},"end":{"line":16,"column":31}},"loc":{"start":{"line":16,"column":55},"end":{"line":16,"column":59}}},"1":{"name":"(anonymous_5)","decl":{"start":{"line":19,"column":2},"end":{"line":19,"column":8}},"loc":{"start":{"line":19,"column":8},"end":{"line":21,"column":3}}},"2":{"name":"(anonymous_6)","decl":{"start":{"line":24,"column":2},"end":{"line":24,"column":12}},"loc":{"start":{"line":26,"column":24},"end":{"line":29,"column":3}}},"3":{"name":"(anonymous_7)","decl":{"start":{"line":32,"column":2},"end":{"line":32,"column":12}},"loc":{"start":{"line":34,"column":24},"end":{"line":37,"column":3}}},"4":{"name":"(anonymous_8)","decl":{"start":{"line":40,"column":2},"end":{"line":40,"column":7}},"loc":{"start":{"line":40,"column":38},"end":{"line":46,"column":3}}},"5":{"name":"(anonymous_9)","decl":{"start":{"line":49,"column":2},"end":{"line":49,"column":10}},"loc":{"start":{"line":49,"column":67},"end":{"line":53,"column":3}}},"6":{"name":"(anonymous_10)","decl":{"start":{"line":56,"column":2},"end":{"line":56,"column":12}},"loc":{"start":{"line":59,"column":35},"end":{"line":66,"column":3}}},"7":{"name":"(anonymous_11)","decl":{"start":{"line":69,"column":2},"end":{"line":69,"column":14}},"loc":{"start":{"line":69,"column":71},"end":{"line":77,"column":3}}},"8":{"name":"(anonymous_12)","decl":{"start":{"line":80,"column":2},"end":{"line":80,"column":11}},"loc":{"start":{"line":80,"column":68},"end":{"line":84,"column":3}}}},"branchMap":{"0":{"loc":{"start":{"line":71,"column":4},"end":{"line":71,"column":31}},"type":"if","locations":[{"start":{"line":71,"column":4},"end":{"line":71,"column":31}}]}},"s":{"0":1,"1":1,"2":1,"3":4,"4":0,"5":0,"6":0,"7":0,"8":0,"9":0,"10":0,"11":0,"12":0,"13":0,"14":0,"15":0,"16":0,"17":0,"18":0,"19":0,"20":0,"21":0,"22":0,"23":1,"24":1,"25":1,"26":1,"27":1,"28":1,"29":1,"30":1,"31":1,"32":1},"f":{"0":4,"1":0,"2":0,"3":0,"4":0,"5":0,"6":0,"7":0,"8":0},"b":{"0":[0]}}
,"/Users/karadabhagyalakshmi/workspace/node/chat-app/src/auth/auth.middleware.ts": {"path":"/Users/karadabhagyalakshmi/workspace/node/chat-app/src/auth/auth.middleware.ts","statementMap":{"0":{"start":{"line":1,"column":0},"end":{"line":1,"column":76}},"1":{"start":{"line":5,"column":7},"end":{"line":10,"column":null}},"2":{"start":{"line":7,"column":4},"end":{"line":7,"column":52}},"3":{"start":{"line":8,"column":4},"end":{"line":8,"column":11}},"4":{"start":{"line":5,"column":13},"end":{"line":5,"column":29}},"5":{"start":{"line":5,"column":13},"end":{"line":10,"column":null}},"6":{"start":{"line":14,"column":17},"end":{"line":14,"column":34}},"7":{"start":{"line":15,"column":4},"end":{"line":20,"column":5}},"8":{"start":{"line":16,"column":6},"end":{"line":19,"column":9}},"9":{"start":{"line":21,"column":4},"end":{"line":21,"column":11}},"10":{"start":{"line":12,"column":0},"end":{"line":12,"column":13}},"11":{"start":{"line":27,"column":4},"end":{"line":27,"column":54}},"12":{"start":{"line":28,"column":4},"end":{"line":32,"column":7}},"13":{"start":{"line":25,"column":0},"end":{"line":25,"column":13}}},"fnMap":{"0":{"name":"(anonymous_1)","decl":{"start":{"line":6,"column":2},"end":{"line":6,"column":5}},"loc":{"start":{"line":6,"column":53},"end":{"line":9,"column":3}}},"1":{"name":"(anonymous_2)","decl":{"start":{"line":13,"column":2},"end":{"line":13,"column":5}},"loc":{"start":{"line":13,"column":53},"end":{"line":22,"column":3}}},"2":{"name":"(anonymous_3)","decl":{"start":{"line":26,"column":2},"end":{"line":26,"column":5}},"loc":{"start":{"line":26,"column":53},"end":{"line":33,"column":3}}}},"branchMap":{"0":{"loc":{"start":{"line":15,"column":4},"end":{"line":20,"column":5}},"type":"if","locations":[{"start":{"line":15,"column":4},"end":{"line":20,"column":5}}]}},"s":{"0":0,"1":0,"2":0,"3":0,"4":0,"5":0,"6":0,"7":0,"8":0,"9":0,"10":0,"11":0,"12":0,"13":0},"f":{"0":0,"1":0,"2":0},"b":{"0":[0]}}
,"/Users/karadabhagyalakshmi/workspace/node/chat-app/src/auth/auth.service.ts": {"path":"/Users/karadabhagyalakshmi/workspace/node/chat-app/src/auth/auth.service.ts","statementMap":{"0":{"start":{"line":1,"column":0},"end":{"line":1,"column":49}},"1":{"start":{"line":3,"column":0},"end":{"line":3,"column":64}},"2":{"start":{"line":7,"column":7},"end":{"line":224,"column":null}},"3":{"start":{"line":8,"column":31},"end":{"line":8,"column":42}},"4":{"start":{"line":10,"column":31},"end":{"line":14,"column":4}},"5":{"start":{"line":16,"column":28},"end":{"line":16,"column":29}},"6":{"start":{"line":18,"column":29},"end":{"line":18,"column":48}},"7":{"start":{"line":21,"column":4},"end":{"line":21,"column":36}},"8":{"start":{"line":25,"column":15},"end":{"line":25,"column":37}},"9":{"start":{"line":27,"column":4},"end":{"line":27,"column":36}},"10":{"start":{"line":34,"column":19},"end":{"line":34,"column":79}},"11":{"start":{"line":36,"column":4},"end":{"line":36,"column":29}},"12":{"start":{"line":39,"column":18},"end":{"line":43,"column":3}},"13":{"start":{"line":40,"column":19},"end":{"line":40,"column":58}},"14":{"start":{"line":41,"column":4},"end":{"line":41,"column":36}},"15":{"start":{"line":42,"column":4},"end":{"line":42,"column":37}},"16":{"start":{"line":46,"column":50},"end":{"line":46,"column":79}},"17":{"start":{"line":47,"column":18},"end":{"line":47,"column":74}},"18":{"start":{"line":48,"column":4},"end":{"line":54,"column":5}},"19":{"start":{"line":49,"column":6},"end":{"line":53,"column":9}},"20":{"start":{"line":56,"column":4},"end":{"line":60,"column":6}},"21":{"start":{"line":62,"column":4},"end":{"line":62,"column":51}},"22":{"start":{"line":64,"column":4},"end":{"line":68,"column":7}},"23":{"start":{"line":72,"column":50},"end":{"line":72,"column":79}},"24":{"start":{"line":73,"column":18},"end":{"line":73,"column":40}},"25":{"start":{"line":75,"column":4},"end":{"line":80,"column":5}},"26":{"start":{"line":76,"column":6},"end":{"line":79,"column":7}},"27":{"start":{"line":77,"column":8},"end":{"line":77,"column":42}},"28":{"start":{"line":78,"column":8},"end":{"line":78,"column":65}},"29":{"start":{"line":82,"column":4},"end":{"line":82,"column":40}},"30":{"start":{"line":86,"column":50},"end":{"line":86,"column":79}},"31":{"start":{"line":87,"column":17},"end":{"line":89,"column":16}},"32":{"start":{"line":90,"column":4},"end":{"line":90,"column":19}},"33":{"start":{"line":94,"column":50},"end":{"line":94,"column":79}},"34":{"start":{"line":95,"column":21},"end":{"line":95,"column":45}},"35":{"start":{"line":96,"column":20},"end":{"line":98,"column":null}},"36":{"start":{"line":100,"column":25},"end":{"line":100,"column":39}},"37":{"start":{"line":102,"column":4},"end":{"line":102,"column":24}},"38":{"start":{"line":106,"column":19},"end":{"line":106,"column":64}},"39":{"start":{"line":107,"column":45},"end":{"line":107,"column":78}},"40":{"start":{"line":108,"column":18},"end":{"line":108,"column":65}},"41":{"start":{"line":110,"column":4},"end":{"line":110,"column":56}},"42":{"start":{"line":114,"column":50},"end":{"line":114,"column":79}},"43":{"start":{"line":115,"column":17},"end":{"line":115,"column":60}},"44":{"start":{"line":116,"column":4},"end":{"line":119,"column":5}},"45":{"start":{"line":117,"column":19},"end":{"line":117,"column":66}},"46":{"start":{"line":117,"column":52},"end":{"line":117,"column":65}},"47":{"start":{"line":118,"column":6},"end":{"line":118,"column":34}},"48":{"start":{"line":121,"column":4},"end":{"line":121,"column":16}},"49":{"start":{"line":125,"column":44},"end":{"line":125,"column":77}},"50":{"start":{"line":126,"column":4},"end":{"line":126,"column":34}},"51":{"start":{"line":127,"column":4},"end":{"line":127,"column":59}},"52":{"start":{"line":131,"column":50},"end":{"line":131,"column":79}},"53":{"start":{"line":132,"column":4},"end":{"line":135,"column":6}},"54":{"start":{"line":137,"column":4},"end":{"line":140,"column":6}},"55":{"start":{"line":144,"column":4},"end":{"line":144,"column":42}},"56":{"start":{"line":145,"column":19},"end":{"line":145,"column":49}},"57":{"start":{"line":147,"column":4},"end":{"line":147,"column":61}},"58":{"start":{"line":150,"column":23},"end":{"line":161,"column":3}},"59":{"start":{"line":151,"column":50},"end":{"line":151,"column":79}},"60":{"start":{"line":152,"column":18},"end":{"line":154,"column":16}},"61":{"start":{"line":156,"column":18},"end":{"line":158,"column":6}},"62":{"start":{"line":157,"column":6},"end":{"line":157,"column":53}},"63":{"start":{"line":157,"column":45},"end":{"line":157,"column":51}},"64":{"start":{"line":160,"column":4},"end":{"line":160,"column":17}},"65":{"start":{"line":164,"column":50},"end":{"line":164,"column":79}},"66":{"start":{"line":165,"column":18},"end":{"line":172,"column":16}},"67":{"start":{"line":173,"column":20},"end":{"line":173,"column":47}},"68":{"start":{"line":175,"column":19},"end":{"line":177,"column":6}},"69":{"start":{"line":176,"column":6},"end":{"line":176,"column":64}},"70":{"start":{"line":179,"column":4},"end":{"line":179,"column":76}},"71":{"start":{"line":179,"column":37},"end":{"line":179,"column":61}},"72":{"start":{"line":183,"column":15},"end":{"line":183,"column":37}},"73":{"start":{"line":184,"column":40},"end":{"line":184,"column":69}},"74":{"start":{"line":186,"column":4},"end":{"line":188,"column":5}},"75":{"start":{"line":187,"column":6},"end":{"line":187,"column":64}},"76":{"start":{"line":190,"column":20},"end":{"line":190,"column":51}},"77":{"start":{"line":191,"column":4},"end":{"line":193,"column":5}},"78":{"start":{"line":192,"column":6},"end":{"line":192,"column":72}},"79":{"start":{"line":195,"column":4},"end":{"line":195,"column":22}},"80":{"start":{"line":196,"column":27},"end":{"line":200,"column":6}},"81":{"start":{"line":202,"column":31},"end":{"line":206,"column":6}},"82":{"start":{"line":208,"column":4},"end":{"line":213,"column":6}},"83":{"start":{"line":215,"column":4},"end":{"line":220,"column":6}},"84":{"start":{"line":222,"column":4},"end":{"line":222,"column":67}},"85":{"start":{"line":7,"column":13},"end":{"line":7,"column":24}},"86":{"start":{"line":7,"column":13},"end":{"line":224,"column":null}}},"fnMap":{"0":{"name":"(anonymous_2)","decl":{"start":{"line":8,"column":2},"end":{"line":8,"column":31}},"loc":{"start":{"line":8,"column":57},"end":{"line":8,"column":61}}},"1":{"name":"(anonymous_3)","decl":{"start":{"line":20,"column":2},"end":{"line":20,"column":13}},"loc":{"start":{"line":20,"column":31},"end":{"line":22,"column":3}}},"2":{"name":"(anonymous_4)","decl":{"start":{"line":24,"column":10},"end":{"line":24,"column":15}},"loc":{"start":{"line":24,"column":50},"end":{"line":28,"column":3}}},"3":{"name":"(anonymous_5)","decl":{"start":{"line":30,"column":2},"end":{"line":30,"column":7}},"loc":{"start":{"line":32,"column":41},"end":{"line":37,"column":3}}},"4":{"name":"(anonymous_6)","decl":{"start":{"line":39,"column":18},"end":{"line":39,"column":19}},"loc":{"start":{"line":39,"column":44},"end":{"line":43,"column":3}}},"5":{"name":"(anonymous_7)","decl":{"start":{"line":45,"column":2},"end":{"line":45,"column":7}},"loc":{"start":{"line":45,"column":58},"end":{"line":69,"column":3}}},"6":{"name":"(anonymous_8)","decl":{"start":{"line":71,"column":2},"end":{"line":71,"column":7}},"loc":{"start":{"line":71,"column":58},"end":{"line":83,"column":3}}},"7":{"name":"(anonymous_9)","decl":{"start":{"line":85,"column":2},"end":{"line":85,"column":7}},"loc":{"start":{"line":85,"column":33},"end":{"line":91,"column":3}}},"8":{"name":"(anonymous_10)","decl":{"start":{"line":93,"column":2},"end":{"line":93,"column":7}},"loc":{"start":{"line":93,"column":57},"end":{"line":103,"column":3}}},"9":{"name":"(anonymous_11)","decl":{"start":{"line":105,"column":2},"end":{"line":105,"column":7}},"loc":{"start":{"line":105,"column":52},"end":{"line":111,"column":3}}},"10":{"name":"(anonymous_12)","decl":{"start":{"line":113,"column":2},"end":{"line":113,"column":7}},"loc":{"start":{"line":113,"column":46},"end":{"line":122,"column":3}}},"11":{"name":"(anonymous_13)","decl":{"start":{"line":117,"column":35},"end":{"line":117,"column":36}},"loc":{"start":{"line":117,"column":52},"end":{"line":117,"column":65}}},"12":{"name":"(anonymous_14)","decl":{"start":{"line":124,"column":2},"end":{"line":124,"column":7}},"loc":{"start":{"line":124,"column":32},"end":{"line":128,"column":3}}},"13":{"name":"(anonymous_15)","decl":{"start":{"line":130,"column":2},"end":{"line":130,"column":7}},"loc":{"start":{"line":130,"column":73},"end":{"line":141,"column":3}}},"14":{"name":"(anonymous_16)","decl":{"start":{"line":143,"column":2},"end":{"line":143,"column":7}},"loc":{"start":{"line":143,"column":59},"end":{"line":148,"column":3}}},"15":{"name":"(anonymous_17)","decl":{"start":{"line":150,"column":23},"end":{"line":150,"column":28}},"loc":{"start":{"line":150,"column":50},"end":{"line":161,"column":3}}},"16":{"name":"(anonymous_18)","decl":{"start":{"line":156,"column":32},"end":{"line":156,"column":33}},"loc":{"start":{"line":156,"column":41},"end":{"line":158,"column":5}}},"17":{"name":"(anonymous_19)","decl":{"start":{"line":157,"column":28},"end":{"line":157,"column":29}},"loc":{"start":{"line":157,"column":45},"end":{"line":157,"column":51}}},"18":{"name":"(anonymous_20)","decl":{"start":{"line":163,"column":2},"end":{"line":163,"column":7}},"loc":{"start":{"line":163,"column":47},"end":{"line":180,"column":3}}},"19":{"name":"(anonymous_21)","decl":{"start":{"line":175,"column":29},"end":{"line":175,"column":30}},"loc":{"start":{"line":175,"column":51},"end":{"line":177,"column":5}}},"20":{"name":"(anonymous_22)","decl":{"start":{"line":179,"column":25},"end":{"line":179,"column":26}},"loc":{"start":{"line":179,"column":37},"end":{"line":179,"column":61}}},"21":{"name":"(anonymous_23)","decl":{"start":{"line":182,"column":2},"end":{"line":182,"column":7}},"loc":{"start":{"line":182,"column":48},"end":{"line":223,"column":3}}}},"branchMap":{"0":{"loc":{"start":{"line":48,"column":4},"end":{"line":54,"column":5}},"type":"if","locations":[{"start":{"line":48,"column":4},"end":{"line":54,"column":5}}]},"1":{"loc":{"start":{"line":76,"column":6},"end":{"line":79,"column":7}},"type":"if","locations":[{"start":{"line":76,"column":6},"end":{"line":79,"column":7}}]},"2":{"loc":{"start":{"line":76,"column":10},"end":{"line":76,"column":66}},"type":"binary-expr","locations":[{"start":{"line":76,"column":10},"end":{"line":76,"column":36}},{"start":{"line":76,"column":40},"end":{"line":76,"column":66}}]},"3":{"loc":{"start":{"line":116,"column":4},"end":{"line":119,"column":5}},"type":"if","locations":[{"start":{"line":116,"column":4},"end":{"line":119,"column":5}}]},"4":{"loc":{"start":{"line":118,"column":13},"end":{"line":118,"column":33}},"type":"binary-expr","locations":[{"start":{"line":118,"column":13},"end":{"line":118,"column":25}},{"start":{"line":118,"column":29},"end":{"line":118,"column":33}}]},"5":{"loc":{"start":{"line":186,"column":4},"end":{"line":188,"column":5}},"type":"if","locations":[{"start":{"line":186,"column":4},"end":{"line":188,"column":5}}]},"6":{"loc":{"start":{"line":191,"column":4},"end":{"line":193,"column":5}},"type":"if","locations":[{"start":{"line":191,"column":4},"end":{"line":193,"column":5}}]}},"s":{"0":1,"1":1,"2":1,"3":4,"4":4,"5":4,"6":4,"7":0,"8":0,"9":0,"10":0,"11":0,"12":4,"13":0,"14":0,"15":0,"16":2,"17":2,"18":2,"19":1,"20":1,"21":1,"22":1,"23":2,"24":2,"25":2,"26":2,"27":1,"28":1,"29":1,"30":0,"31":0,"32":0,"33":0,"34":0,"35":0,"36":0,"37":0,"38":0,"39":0,"40":0,"41":0,"42":0,"43":0,"44":0,"45":0,"46":0,"47":0,"48":0,"49":0,"50":0,"51":0,"52":0,"53":0,"54":0,"55":0,"56":0,"57":0,"58":4,"59":0,"60":0,"61":0,"62":0,"63":0,"64":0,"65":0,"66":0,"67":0,"68":0,"69":0,"70":0,"71":0,"72":0,"73":0,"74":0,"75":0,"76":0,"77":0,"78":0,"79":0,"80":0,"81":0,"82":0,"83":0,"84":0,"85":1,"86":1},"f":{"0":4,"1":0,"2":0,"3":0,"4":0,"5":2,"6":2,"7":0,"8":0,"9":0,"10":0,"11":0,"12":0,"13":0,"14":0,"15":0,"16":0,"17":0,"18":0,"19":0,"20":0,"21":0},"b":{"0":[1],"1":[1],"2":[2,1],"3":[0],"4":[0,0],"5":[0],"6":[0]}}
,"/Users/karadabhagyalakshmi/workspace/node/chat-app/src/database/database.service.ts": {"path":"/Users/karadabhagyalakshmi/workspace/node/chat-app/src/database/database.service.ts","statementMap":{"0":{"start":{"line":1,"column":0},"end":{"line":1,"column":58}},"1":{"start":{"line":2,"column":0},"end":{"line":2,"column":42}},"2":{"start":{"line":3,"column":0},"end":{"line":3,"column":33}},"3":{"start":{"line":4,"column":0},"end":{"line":4,"column":16}},"4":{"start":{"line":7,"column":7},"end":{"line":21,"column":null}},"5":{"start":{"line":12,"column":4},"end":{"line":12,"column":63}},"6":{"start":{"line":13,"column":4},"end":{"line":13,"column":32}},"7":{"start":{"line":14,"column":4},"end":{"line":14,"column":43}},"8":{"start":{"line":15,"column":4},"end":{"line":15,"column":39}},"9":{"start":{"line":19,"column":4},"end":{"line":19,"column":19}},"10":{"start":{"line":7,"column":13},"end":{"line":7,"column":28}},"11":{"start":{"line":7,"column":13},"end":{"line":21,"column":null}}},"fnMap":{"0":{"name":"(anonymous_1)","decl":{"start":{"line":11,"column":2},"end":{"line":11,"column":7}},"loc":{"start":{"line":11,"column":20},"end":{"line":16,"column":3}}},"1":{"name":"(anonymous_2)","decl":{"start":{"line":18,"column":2},"end":{"line":18,"column":7}},"loc":{"start":{"line":18,"column":7},"end":{"line":20,"column":3}}}},"branchMap":{},"s":{"0":1,"1":1,"2":1,"3":1,"4":1,"5":0,"6":0,"7":0,"8":0,"9":0,"10":1,"11":1},"f":{"0":0,"1":0},"b":{}}
}
