TN:
SF:src/app.module.ts
FN:23,(anonymous_1)
FNF:1
FNH:0
FNDA:0,(anonymous_1)
DA:1,0
DA:7,0
DA:8,0
DA:9,0
DA:10,0
DA:22,0
DA:24,0
DA:25,0
DA:26,0
LF:9
LH:0
BRF:0
BRH:0
end_of_record
TN:
SF:src/main.ts
FN:8,bootstrap
FN:13,(anonymous_1)
FNF:2
FNH:0
FNDA:0,bootstrap
FNDA:0,(anonymous_1)
DA:1,0
DA:2,0
DA:4,0
DA:5,0
DA:9,0
DA:10,0
DA:11,0
DA:14,0
DA:15,0
DA:16,0
DA:18,0
DA:20,0
DA:21,0
DA:24,0
LF:14
LH:0
BRDA:15,0,0,0
BRF:1
BRH:0
end_of_record
TN:
SF:src/auth/auth.controller.ts
FN:16,(anonymous_4)
FN:19,(anonymous_5)
FN:24,(anonymous_6)
FN:32,(anonymous_7)
FN:40,(anonymous_8)
FN:49,(anonymous_9)
FN:56,(anonymous_10)
FN:69,(anonymous_11)
FN:80,(anonymous_12)
FNF:9
FNH:1
FNDA:4,(anonymous_4)
FNDA:0,(anonymous_5)
FNDA:0,(anonymous_6)
FNDA:0,(anonymous_7)
FNDA:0,(anonymous_8)
FNDA:0,(anonymous_9)
FNDA:0,(anonymous_10)
FNDA:0,(anonymous_11)
FNDA:0,(anonymous_12)
DA:1,1
DA:11,1
DA:15,1
DA:16,4
DA:19,1
DA:20,0
DA:24,1
DA:28,0
DA:32,1
DA:36,0
DA:40,1
DA:41,0
DA:42,0
DA:43,0
DA:45,0
DA:49,1
DA:50,0
DA:52,0
DA:56,1
DA:61,0
DA:62,0
DA:63,0
DA:65,0
DA:69,1
DA:70,0
DA:71,0
DA:73,0
DA:80,1
DA:81,0
DA:83,0
LF:30
LH:12
BRDA:71,0,0,0
BRF:1
BRH:0
end_of_record
TN:
SF:src/auth/auth.middleware.ts
FN:6,(anonymous_1)
FN:13,(anonymous_2)
FN:26,(anonymous_3)
FNF:3
FNH:0
FNDA:0,(anonymous_1)
FNDA:0,(anonymous_2)
FNDA:0,(anonymous_3)
DA:1,0
DA:5,0
DA:7,0
DA:8,0
DA:12,0
DA:14,0
DA:15,0
DA:16,0
DA:21,0
DA:25,0
DA:27,0
DA:28,0
LF:12
LH:0
BRDA:15,0,0,0
BRF:1
BRH:0
end_of_record
TN:
SF:src/auth/auth.service.ts
FN:8,(anonymous_2)
FN:20,(anonymous_3)
FN:24,(anonymous_4)
FN:30,(anonymous_5)
FN:39,(anonymous_6)
FN:45,(anonymous_7)
FN:71,(anonymous_8)
FN:85,(anonymous_9)
FN:93,(anonymous_10)
FN:105,(anonymous_11)
FN:113,(anonymous_12)
FN:117,(anonymous_13)
FN:124,(anonymous_14)
FN:130,(anonymous_15)
FN:143,(anonymous_16)
FN:150,(anonymous_17)
FN:156,(anonymous_18)
FN:157,(anonymous_19)
FN:163,(anonymous_20)
FN:175,(anonymous_21)
FN:179,(anonymous_22)
FN:182,(anonymous_23)
FNF:22
FNH:3
FNDA:4,(anonymous_2)
FNDA:0,(anonymous_3)
FNDA:0,(anonymous_4)
FNDA:0,(anonymous_5)
FNDA:0,(anonymous_6)
FNDA:2,(anonymous_7)
FNDA:2,(anonymous_8)
FNDA:0,(anonymous_9)
FNDA:0,(anonymous_10)
FNDA:0,(anonymous_11)
FNDA:0,(anonymous_12)
FNDA:0,(anonymous_13)
FNDA:0,(anonymous_14)
FNDA:0,(anonymous_15)
FNDA:0,(anonymous_16)
FNDA:0,(anonymous_17)
FNDA:0,(anonymous_18)
FNDA:0,(anonymous_19)
FNDA:0,(anonymous_20)
FNDA:0,(anonymous_21)
FNDA:0,(anonymous_22)
FNDA:0,(anonymous_23)
DA:1,1
DA:3,1
DA:7,1
DA:8,4
DA:10,4
DA:16,4
DA:18,4
DA:21,0
DA:25,0
DA:27,0
DA:34,0
DA:36,0
DA:39,4
DA:40,0
DA:41,0
DA:42,0
DA:46,2
DA:47,2
DA:48,2
DA:49,1
DA:56,1
DA:62,1
DA:64,1
DA:72,2
DA:73,2
DA:75,2
DA:76,2
DA:77,1
DA:78,1
DA:82,1
DA:86,0
DA:87,0
DA:90,0
DA:94,0
DA:95,0
DA:96,0
DA:100,0
DA:102,0
DA:106,0
DA:107,0
DA:108,0
DA:110,0
DA:114,0
DA:115,0
DA:116,0
DA:117,0
DA:118,0
DA:121,0
DA:125,0
DA:126,0
DA:127,0
DA:131,0
DA:132,0
DA:137,0
DA:144,0
DA:145,0
DA:147,0
DA:150,4
DA:151,0
DA:152,0
DA:156,0
DA:157,0
DA:160,0
DA:164,0
DA:165,0
DA:173,0
DA:175,0
DA:176,0
DA:179,0
DA:183,0
DA:184,0
DA:186,0
DA:187,0
DA:190,0
DA:191,0
DA:192,0
DA:195,0
DA:196,0
DA:202,0
DA:208,0
DA:215,0
DA:222,0
LF:82
LH:23
BRDA:48,0,0,1
BRDA:76,1,0,1
BRDA:76,2,0,2
BRDA:76,2,1,1
BRDA:116,3,0,0
BRDA:118,4,0,0
BRDA:118,4,1,0
BRDA:186,5,0,0
BRDA:191,6,0,0
BRF:9
BRH:4
end_of_record
TN:
SF:src/database/database.service.ts
FN:11,(anonymous_1)
FN:18,(anonymous_2)
FNF:2
FNH:0
FNDA:0,(anonymous_1)
FNDA:0,(anonymous_2)
DA:1,1
DA:2,1
DA:3,1
DA:4,1
DA:7,1
DA:12,0
DA:13,0
DA:14,0
DA:15,0
DA:19,0
LF:10
LH:5
BRF:0
BRH:0
end_of_record
